Determining if the pthread_create exist failed with the following output:
Change Dir: /home/supdan/code/UINS_ws/build/CMakeFiles/CMakeTmp

Run Build Command:"/usr/bin/make" "cmTC_13836/fast"
/usr/bin/make -f CMakeFiles/cmTC_13836.dir/build.make CMakeFiles/cmTC_13836.dir/build
make[1]: Entering directory '/home/supdan/code/UINS_ws/build/CMakeFiles/CMakeTmp'
Building C object CMakeFiles/cmTC_13836.dir/CheckSymbolExists.c.o
/usr/bin/cc     -o CMakeFiles/cmTC_13836.dir/CheckSymbolExists.c.o   -c /home/supdan/code/UINS_ws/build/CMakeFiles/CMakeTmp/CheckSymbolExists.c
Linking C executable cmTC_13836
/usr/bin/cmake -E cmake_link_script CMakeFiles/cmTC_13836.dir/link.txt --verbose=1
/usr/bin/cc       CMakeFiles/cmTC_13836.dir/CheckSymbolExists.c.o  -o cmTC_13836 -rdynamic 
CMakeFiles/cmTC_13836.dir/CheckSymbolExists.c.o：在函数‘main’中：
CheckSymbolExists.c:(.text+0x16)：对‘pthread_create’未定义的引用
collect2: error: ld returned 1 exit status
CMakeFiles/cmTC_13836.dir/build.make:97: recipe for target 'cmTC_13836' failed
make[1]: *** [cmTC_13836] Error 1
make[1]: Leaving directory '/home/supdan/code/UINS_ws/build/CMakeFiles/CMakeTmp'
Makefile:126: recipe for target 'cmTC_13836/fast' failed
make: *** [cmTC_13836/fast] Error 2

File /home/supdan/code/UINS_ws/build/CMakeFiles/CMakeTmp/CheckSymbolExists.c:
/* */
#include <pthread.h>

int main(int argc, char** argv)
{
  (void)argv;
#ifndef pthread_create
  return ((int*)(&pthread_create))[argc];
#else
  (void)argc;
  return 0;
#endif
}

Determining if the function pthread_create exists in the pthreads failed with the following output:
Change Dir: /home/supdan/code/UINS_ws/build/CMakeFiles/CMakeTmp

Run Build Command:"/usr/bin/make" "cmTC_559fb/fast"
/usr/bin/make -f CMakeFiles/cmTC_559fb.dir/build.make CMakeFiles/cmTC_559fb.dir/build
make[1]: Entering directory '/home/supdan/code/UINS_ws/build/CMakeFiles/CMakeTmp'
Building C object CMakeFiles/cmTC_559fb.dir/CheckFunctionExists.c.o
/usr/bin/cc    -DCHECK_FUNCTION_EXISTS=pthread_create   -o CMakeFiles/cmTC_559fb.dir/CheckFunctionExists.c.o   -c /usr/share/cmake-3.5/Modules/CheckFunctionExists.c
Linking C executable cmTC_559fb
/usr/bin/cmake -E cmake_link_script CMakeFiles/cmTC_559fb.dir/link.txt --verbose=1
/usr/bin/cc   -DCHECK_FUNCTION_EXISTS=pthread_create    CMakeFiles/cmTC_559fb.dir/CheckFunctionExists.c.o  -o cmTC_559fb -rdynamic -lpthreads 
/usr/bin/ld: 找不到 -lpthreads
collect2: error: ld returned 1 exit status
CMakeFiles/cmTC_559fb.dir/build.make:97: recipe for target 'cmTC_559fb' failed
make[1]: *** [cmTC_559fb] Error 1
make[1]: Leaving directory '/home/supdan/code/UINS_ws/build/CMakeFiles/CMakeTmp'
Makefile:126: recipe for target 'cmTC_559fb/fast' failed
make: *** [cmTC_559fb/fast] Error 2


