Determining if the pthread_create exist failed with the following output:
Change Dir: /home/supdan/code/UINS_ws/src/cmake-build-debug/CMakeFiles/CMakeTmp

Run Build Command(s):/usr/bin/make cmTC_b513a/fast 
/usr/bin/make -f CMakeFiles/cmTC_b513a.dir/build.make CMakeFiles/cmTC_b513a.dir/build
make[1]: Entering directory '/home/supdan/code/UINS_ws/src/cmake-build-debug/CMakeFiles/CMakeTmp'
Building C object CMakeFiles/cmTC_b513a.dir/CheckSymbolExists.c.o
/usr/bin/cc    -o CMakeFiles/cmTC_b513a.dir/CheckSymbolExists.c.o   -c /home/supdan/code/UINS_ws/src/cmake-build-debug/CMakeFiles/CMakeTmp/CheckSymbolExists.c
Linking C executable cmTC_b513a
/home/supdan/.local/share/JetBrains/Toolbox/apps/CLion/ch-0/192.6262.62/bin/cmake/linux/bin/cmake -E cmake_link_script CMakeFiles/cmTC_b513a.dir/link.txt --verbose=1
/usr/bin/cc      -rdynamic CMakeFiles/cmTC_b513a.dir/CheckSymbolExists.c.o  -o cmTC_b513a 
CMakeFiles/cmTC_b513a.dir/CheckSymbolExists.c.o：在函数‘main’中：
CheckSymbolExists.c:(.text+0x16)：对‘pthread_create’未定义的引用
collect2: error: ld returned 1 exit status
CMakeFiles/cmTC_b513a.dir/build.make:86: recipe for target 'cmTC_b513a' failed
make[1]: *** [cmTC_b513a] Error 1
make[1]: Leaving directory '/home/supdan/code/UINS_ws/src/cmake-build-debug/CMakeFiles/CMakeTmp'
Makefile:121: recipe for target 'cmTC_b513a/fast' failed
make: *** [cmTC_b513a/fast] Error 2

File /home/supdan/code/UINS_ws/src/cmake-build-debug/CMakeFiles/CMakeTmp/CheckSymbolExists.c:
/* */
#include <pthread.h>

int main(int argc, char** argv)
{
  (void)argv;
#ifndef pthread_create
  return ((int*)(&pthread_create))[argc];
#else
  (void)argc;
  return 0;
#endif
}

Determining if the function pthread_create exists in the pthreads failed with the following output:
Change Dir: /home/supdan/code/UINS_ws/src/cmake-build-debug/CMakeFiles/CMakeTmp

Run Build Command(s):/usr/bin/make cmTC_98130/fast 
/usr/bin/make -f CMakeFiles/cmTC_98130.dir/build.make CMakeFiles/cmTC_98130.dir/build
make[1]: Entering directory '/home/supdan/code/UINS_ws/src/cmake-build-debug/CMakeFiles/CMakeTmp'
Building C object CMakeFiles/cmTC_98130.dir/CheckFunctionExists.c.o
/usr/bin/cc   -DCHECK_FUNCTION_EXISTS=pthread_create   -o CMakeFiles/cmTC_98130.dir/CheckFunctionExists.c.o   -c /home/supdan/.local/share/JetBrains/Toolbox/apps/CLion/ch-0/192.6262.62/bin/cmake/linux/share/cmake-3.14/Modules/CheckFunctionExists.c
Linking C executable cmTC_98130
/home/supdan/.local/share/JetBrains/Toolbox/apps/CLion/ch-0/192.6262.62/bin/cmake/linux/bin/cmake -E cmake_link_script CMakeFiles/cmTC_98130.dir/link.txt --verbose=1
/usr/bin/cc  -DCHECK_FUNCTION_EXISTS=pthread_create    -rdynamic CMakeFiles/cmTC_98130.dir/CheckFunctionExists.c.o  -o cmTC_98130 -lpthreads 
/usr/bin/ld: 找不到 -lpthreads
collect2: error: ld returned 1 exit status
CMakeFiles/cmTC_98130.dir/build.make:86: recipe for target 'cmTC_98130' failed
make[1]: *** [cmTC_98130] Error 1
make[1]: Leaving directory '/home/supdan/code/UINS_ws/src/cmake-build-debug/CMakeFiles/CMakeTmp'
Makefile:121: recipe for target 'cmTC_98130/fast' failed
make: *** [cmTC_98130/fast] Error 2


